int        Linea: 1 Columna: 1-3 T_ENTERO
a        Linea: 1 Columna: 5-5 T_ID
;        Linea: 1 Columna: 6-6 ';'
void      Linea: 3 Columna: 1-4 T_VOID
main        Linea: 3 Columna: 6-9 T_ID
()        Linea: 3 Columna: 10-11 '()'
{        Linea: 3 Columna: 13-13 '{'
int        Linea: 4 Columna: 4-6 T_ENTERO
b        Linea: 4 Columna: 8-8 T_ID
;        Linea: 4 Columna: 9-9 ';'
int        Linea: 5 Columna: 4-6 T_ENTERO
a        Linea: 5 Columna: 8-8 T_ID
;        Linea: 5 Columna: 9-9 ';'
int        Linea: 6 Columna: 4-6 T_ENTERO
d        Linea: 6 Columna: 8-8 T_ID
;        Linea: 6 Columna: 9-9 ';'
d        Linea: 8 Columna: 4-4 T_ID
=        Linea: 8 Columna: 6-6 '='
2        Linea: 8 Columna: 8-8 T_ENTERODECIMAL (valor = 2 )
+         Linea: 8 Columna: 10-10 '+'
3        Linea: 8 Columna: 12-12 T_ENTERODECIMAL (valor = 3 )
*         Linea: 8 Columna: 14-14 '*'
4        Linea: 8 Columna: 16-16 T_ENTERODECIMAL (valor = 4 )
-         Linea: 8 Columna: 18-18 '-'
6        Linea: 8 Columna: 20-20 T_ENTERODECIMAL (valor = 6 )
;        Linea: 8 Columna: 21-21 ';'
b        Linea: 9 Columna: 4-4 T_ID
=        Linea: 9 Columna: 6-6 '='
3        Linea: 9 Columna: 8-8 T_ENTERODECIMAL (valor = 3 )
;        Linea: 9 Columna: 9-9 ';'
a        Linea: 10 Columna: 4-4 T_ID
=        Linea: 10 Columna: 6-6 '='
b        Linea: 10 Columna: 8-8 T_ID
+         Linea: 10 Columna: 10-10 '+'
2        Linea: 10 Columna: 12-12 T_ENTERODECIMAL (valor = 2 )
;        Linea: 10 Columna: 13-13 ';'
}        Linea: 11 Columna: 1-1 '}'
